#
# There is insufficient memory for the Java Runtime Environment to continue.
# Native memory allocation (malloc) failed to allocate 260046848 bytes for committing reserved memory.
# Possible reasons:
#   The system is out of physical RAM or swap space
#   In 32 bit mode, the process size limit was hit
# Possible solutions:
#   Reduce memory load on the system
#   Increase physical memory or swap space
#   Check if swap backing store is full
#   Use 64 bit Java on a 64 bit OS
#   Decrease Java heap size (-Xmx/-Xms)
#   Decrease number of Java threads
#   Decrease Java thread stack sizes (-Xss)
#   Set larger code cache with -XX:ReservedCodeCacheSize=
# This output file may be truncated or incomplete.
#
#  Out of Memory Error (os_linux.cpp:2827), pid=27294, tid=139879173764864
#
# JRE version: OpenJDK Runtime Environment (7.0_91-b02) (build 1.7.0_91-b02)
# Java VM: OpenJDK 64-Bit Server VM (24.91-b01 mixed mode linux-amd64 compressed oops)
# Derivative: IcedTea 2.6.3
# Distribution: Custom build (Sun Dec  6 22:58:56 AEST 2015)
# Failed to write core dump. Core dumps have been disabled. To enable core dumping, try "ulimit -c unlimited" before starting Java again
#

---------------  T H R E A D  ---------------

Current thread (0x00007f3830074800):  VMThread [stack: 0x00007f382866b000,0x00007f382876c000] [id=27305]

Stack: [0x00007f382866b000,0x00007f382876c000],  sp=0x00007f382876a4f0,  free space=1021k
Native frames: (J=compiled Java code, j=interpreted, Vv=VM code, C=native code)
V  [libjvm.so+0x993f93]
V  [libjvm.so+0x48a62f]
V  [libjvm.so+0x800c8b]
V  [libjvm.so+0x7fb0fe]
V  [libjvm.so+0x87155b]
V  [libjvm.so+0x872ea3]
V  [libjvm.so+0x86f128]
V  [libjvm.so+0x86f40c]
V  [libjvm.so+0x8245b3]
V  [libjvm.so+0x995a32]
V  [libjvm.so+0x99a777]
V  [libjvm.so+0x998008]
V  [libjvm.so+0x99937f]
V  [libjvm.so+0x999871]
V  [libjvm.so+0x7fdbc2]

VM_Operation (0x00007f382255c860): ParallelGCFailedAllocation, mode: safepoint, requested by thread 0x00007f3830deb000


---------------  P R O C E S S  ---------------

Java Threads: ( => current thread )
  0x00007f37d8009000 JavaThread "nREPL-worker-0" daemon [_thread_blocked, id=27329, stack(0x00007f3821e58000,0x00007f3821f59000)]
  0x00007f37d0001000 JavaThread "clojure-agent-send-off-pool-6" [_thread_in_native, id=27326, stack(0x00007f3821f59000,0x00007f382205a000)]
  0x00007f37d8003000 JavaThread "clojure-agent-send-off-pool-5" [_thread_in_native, id=27325, stack(0x00007f382205a000,0x00007f382215b000)]
  0x00007f37d8001000 JavaThread "clojure-agent-send-off-pool-4" [_thread_blocked, id=27324, stack(0x00007f382215b000,0x00007f382225c000)]
  0x00007f3830df9000 JavaThread "clojure-agent-send-off-pool-3" [_thread_in_native, id=27319, stack(0x00007f382225c000,0x00007f382235d000)]
  0x00007f3830df5000 JavaThread "clojure-agent-send-off-pool-2" [_thread_blocked, id=27316, stack(0x00007f382235d000,0x00007f382245e000)]
  0x00007f3830deb000 JavaThread "clojure-agent-send-off-pool-1" [_thread_blocked, id=27315, stack(0x00007f382245e000,0x00007f382255f000)]
  0x00007f3830de2800 JavaThread "clojure-agent-send-off-pool-0" [_thread_blocked, id=27314, stack(0x00007f382255f000,0x00007f3822660000)]
  0x00007f38300b0000 JavaThread "Service Thread" daemon [_thread_blocked, id=27312, stack(0x00007f3823cfd000,0x00007f3823dfe000)]
  0x00007f38300ad000 JavaThread "C1 CompilerThread2" daemon [_thread_blocked, id=27311, stack(0x00007f3823dfe000,0x00007f3823eff000)]
  0x00007f38300ab000 JavaThread "C2 CompilerThread1" daemon [_thread_blocked, id=27310, stack(0x00007f3823eff000,0x00007f3824000000)]
  0x00007f38300a8800 JavaThread "C2 CompilerThread0" daemon [_thread_blocked, id=27309, stack(0x00007f38280d9000,0x00007f38281da000)]
  0x00007f38300a6000 JavaThread "Signal Dispatcher" daemon [_thread_blocked, id=27308, stack(0x00007f38281da000,0x00007f38282db000)]
  0x00007f383007a800 JavaThread "Finalizer" daemon [_thread_blocked, id=27307, stack(0x00007f3828469000,0x00007f382856a000)]
  0x00007f3830078800 JavaThread "Reference Handler" daemon [_thread_blocked, id=27306, stack(0x00007f382856a000,0x00007f382866b000)]
  0x00007f3830009000 JavaThread "main" [_thread_blocked, id=27300, stack(0x00007f383781a000,0x00007f383791b000)]

Other Threads:
=>0x00007f3830074800 VMThread [stack: 0x00007f382866b000,0x00007f382876c000] [id=27305]
  0x00007f38300ba800 WatcherThread [stack: 0x00007f3823bfc000,0x00007f3823cfd000] [id=27313]

VM state:at safepoint (normal execution)

VM Mutex/Monitor currently owned by a thread:  ([mutex/lock_event])
[0x00007f38300068e0] Threads_lock - owner thread: 0x00007f3830074800
[0x00007f3830006de0] Heap_lock - owner thread: 0x00007f3830deb000

Heap
 PSYoungGen      total 261632K, used 7104K [0x00000007d7000000, 0x00000007e7800000, 0x0000000800000000)
  eden space 253440K, 0% used [0x00000007d7000000,0x00000007d7000000,0x00000007e6780000)
  from space 8192K, 86% used [0x00000007e6780000,0x00000007e6e70000,0x00000007e6f80000)
  to   space 7680K, 0% used [0x00000007e6f80000,0x00000007e6f80000,0x00000007e7700000)
 ParOldGen       total 83968K, used 6138K [0x0000000785000000, 0x000000078a200000, 0x00000007d7000000)
  object space 83968K, 7% used [0x0000000785000000,0x00000007855fe868,0x000000078a200000)
 PSPermGen       total 21504K, used 16143K [0x000000077aa00000, 0x000000077bf00000, 0x0000000785000000)
  object space 21504K, 75% used [0x000000077aa00000,0x000000077b9c3cf0,0x000000077bf00000)

Card table byte_map: [0x00007f383447e000,0x00007f38348aa000] byte_map_base: 0x00007f38308a9000

Polling page: 0x00007f3837952000

Code Cache  [0x00007f382a000000, 0x00007f382a410000, 0x00007f3830000000)
 total_blobs=1863 nmethods=1572 adapters=225 free_code_cache=94177Kb largest_free_block=96436992

Compilation events (10 events):
Event: 1.929 Thread 0x00007f38300ad000 1575       1       clojure.lang.ATransientMap::conj (139 bytes)
Event: 1.930 Thread 0x00007f38300ad000 nmethod 1575 0x00007f382a405a50 code [0x00007f382a405d00, 0x00007f382a406588]
Event: 1.930 Thread 0x00007f38300ad000 1574       1       clojure.lang.ATransientMap::conj (6 bytes)
Event: 1.930 Thread 0x00007f38300ad000 nmethod 1574 0x00007f382a406ad0 code [0x00007f382a406c20, 0x00007f382a406d88]
Event: 1.930 Thread 0x00007f38300ad000 1576       1       clojure.lang.MethodImplCache::fnFor (28 bytes)
Event: 1.930 Thread 0x00007f38300ad000 nmethod 1576 0x00007f382a406e10 code [0x00007f382a406f80, 0x00007f382a407108]
Event: 1.930 Thread 0x00007f38300ad000 1577       1       java.lang.Long::intValue (6 bytes)
Event: 1.930 Thread 0x00007f38300ad000 nmethod 1577 0x00007f382a4071d0 code [0x00007f382a407320, 0x00007f382a407470]
Event: 1.934 Thread 0x00007f38300ad000 1578       1       clojure.core.protocols$fn__6452$G__6447__6465::invoke (108 bytes)
Event: 1.935 Thread 0x00007f38300ad000 nmethod 1578 0x00007f382a4074d0 code [0x00007f382a407680, 0x00007f382a407a98]

GC Heap History (10 events):
Event: 0.900 GC heap after
Heap after GC invocations=2 (full 0):
 PSYoungGen      total 68608K, used 4575K [0x00000007d7000000, 0x00000007db800000, 0x0000000800000000)
  eden space 63488K, 0% used [0x00000007d7000000,0x00000007d7000000,0x00000007dae00000)
  from space 5120K, 89% used [0x00000007db300000,0x00000007db777e18,0x00000007db800000)
  to   space 5120K, 0% used [0x00000007dae00000,0x00000007dae00000,0x00000007db300000)
 ParOldGen       total 83968K, used 145K [0x0000000785000000, 0x000000078a200000, 0x00000007d7000000)
  object space 83968K, 0% used [0x0000000785000000,0x00000007850247b8,0x000000078a200000)
 PSPermGen       total 21504K, used 11368K [0x000000077aa00000, 0x000000077bf00000, 0x0000000785000000)
  object space 21504K, 52% used [0x000000077aa00000,0x000000077b51a030,0x000000077bf00000)
}
Event: 1.337 GC heap before
{Heap before GC invocations=3 (full 0):
 PSYoungGen      total 68608K, used 68063K [0x00000007d7000000, 0x00000007db800000, 0x0000000800000000)
  eden space 63488K, 100% used [0x00000007d7000000,0x00000007dae00000,0x00000007dae00000)
  from space 5120K, 89% used [0x00000007db300000,0x00000007db777e18,0x00000007db800000)
  to   space 5120K, 0% used [0x00000007dae00000,0x00000007dae00000,0x00000007db300000)
 ParOldGen       total 83968K, used 145K [0x0000000785000000, 0x000000078a200000, 0x00000007d7000000)
  object space 83968K, 0% used [0x0000000785000000,0x00000007850247b8,0x000000078a200000)
 PSPermGen       total 21504K, used 14655K [0x000000077aa00000, 0x000000077bf00000, 0x0000000785000000)
  object space 21504K, 68% used [0x000000077aa00000,0x000000077b84fd40,0x000000077bf00000)
Event: 1.351 GC heap after
Heap after GC invocations=3 (full 0):
 PSYoungGen      total 68608K, used 5089K [0x00000007d7000000, 0x00000007df600000, 0x0000000800000000)
  eden space 63488K, 0% used [0x00000007d7000000,0x00000007d7000000,0x00000007dae00000)
  from space 5120K, 99% used [0x00000007dae00000,0x00000007db2f8448,0x00000007db300000)
  to   space 5120K, 0% used [0x00000007df100000,0x00000007df100000,0x00000007df600000)
 ParOldGen       total 83968K, used 1224K [0x0000000785000000, 0x000000078a200000, 0x00000007d7000000)
  object space 83968K, 1% used [0x0000000785000000,0x00000007851320d0,0x000000078a200000)
 PSPermGen       total 21504K, used 14655K [0x000000077aa00000, 0x000000077bf00000, 0x0000000785000000)
  object space 21504K, 68% used [0x000000077aa00000,0x000000077b84fd40,0x000000077bf00000)
}
Event: 1.503 GC heap before
{Heap before GC invocations=4 (full 0):
 PSYoungGen      total 68608K, used 68577K [0x00000007d7000000, 0x00000007df600000, 0x0000000800000000)
  eden space 63488K, 100% used [0x00000007d7000000,0x00000007dae00000,0x00000007dae00000)
  from space 5120K, 99% used [0x00000007dae00000,0x00000007db2f8448,0x00000007db300000)
  to   space 5120K, 0% used [0x00000007df100000,0x00000007df100000,0x00000007df600000)
 ParOldGen       total 83968K, used 1224K [0x0000000785000000, 0x000000078a200000, 0x00000007d7000000)
  object space 83968K, 1% used [0x0000000785000000,0x00000007851320d0,0x000000078a200000)
 PSPermGen       total 21504K, used 15451K [0x000000077aa00000, 0x000000077bf00000, 0x0000000785000000)
  object space 21504K, 71% used [0x000000077aa00000,0x000000077b916e78,0x000000077bf00000)
Event: 1.519 GC heap after
Heap after GC invocations=4 (full 0):
 PSYoungGen      total 132096K, used 5104K [0x00000007d7000000, 0x00000007df600000, 0x0000000800000000)
  eden space 126976K, 0% used [0x00000007d7000000,0x00000007d7000000,0x00000007dec00000)
  from space 5120K, 99% used [0x00000007df100000,0x00000007df5fc010,0x00000007df600000)
  to   space 5120K, 0% used [0x00000007dec00000,0x00000007dec00000,0x00000007df100000)
 ParOldGen       total 83968K, used 1513K [0x0000000785000000, 0x000000078a200000, 0x00000007d7000000)
  object space 83968K, 1% used [0x0000000785000000,0x000000078517a448,0x000000078a200000)
 PSPermGen       total 21504K, used 15451K [0x000000077aa00000, 0x000000077bf00000, 0x0000000785000000)
  object space 21504K, 71% used [0x000000077aa00000,0x000000077b916e78,0x000000077bf00000)
}
Event: 1.783 GC heap before
{Heap before GC invocations=5 (full 0):
 PSYoungGen      total 132096K, used 132080K [0x00000007d7000000, 0x00000007df600000, 0x0000000800000000)
  eden space 126976K, 100% used [0x00000007d7000000,0x00000007dec00000,0x00000007dec00000)
  from space 5120K, 99% used [0x00000007df100000,0x00000007df5fc010,0x00000007df600000)
  to   space 5120K, 0% used [0x00000007dec00000,0x00000007dec00000,0x00000007df100000)
 ParOldGen       total 83968K, used 1513K [0x0000000785000000, 0x000000078a200000, 0x00000007d7000000)
  object space 83968K, 1% used [0x0000000785000000,0x000000078517a448,0x000000078a200000)
 PSPermGen       total 21504K, used 15800K [0x000000077aa00000, 0x000000077bf00000, 0x0000000785000000)
  object space 21504K, 73% used [0x000000077aa00000,0x000000077b96e288,0x000000077bf00000)
Event: 1.806 GC heap after
Heap after GC invocations=5 (full 0):
 PSYoungGen      total 132096K, used 5109K [0x00000007d7000000, 0x00000007e7700000, 0x0000000800000000)
  eden space 126976K, 0% used [0x00000007d7000000,0x00000007d7000000,0x00000007dec00000)
  from space 5120K, 99% used [0x00000007dec00000,0x00000007df0fd710,0x00000007df100000)
  to   space 7680K, 0% used [0x00000007e6f80000,0x00000007e6f80000,0x00000007e7700000)
 ParOldGen       total 83968K, used 3601K [0x0000000785000000, 0x000000078a200000, 0x00000007d7000000)
  object space 83968K, 4% used [0x0000000785000000,0x00000007853846a0,0x000000078a200000)
 PSPermGen       total 21504K, used 15800K [0x000000077aa00000, 0x000000077bf00000, 0x0000000785000000)
  object space 21504K, 73% used [0x000000077aa00000,0x000000077b96e288,0x000000077bf00000)
}
Event: 1.891 GC heap before
{Heap before GC invocations=6 (full 0):
 PSYoungGen      total 132096K, used 132085K [0x00000007d7000000, 0x00000007e7700000, 0x0000000800000000)
  eden space 126976K, 100% used [0x00000007d7000000,0x00000007dec00000,0x00000007dec00000)
  from space 5120K, 99% used [0x00000007dec00000,0x00000007df0fd710,0x00000007df100000)
  to   space 7680K, 0% used [0x00000007e6f80000,0x00000007e6f80000,0x00000007e7700000)
 ParOldGen       total 83968K, used 3601K [0x0000000785000000, 0x000000078a200000, 0x00000007d7000000)
  object space 83968K, 4% used [0x0000000785000000,0x00000007853846a0,0x000000078a200000)
 PSPermGen       total 21504K, used 16114K [0x000000077aa00000, 0x000000077bf00000, 0x0000000785000000)
  object space 21504K, 74% used [0x000000077aa00000,0x000000077b9bc8c8,0x000000077bf00000)
Event: 1.921 GC heap after
Heap after GC invocations=6 (full 0):
 PSYoungGen      total 261120K, used 7141K [0x00000007d7000000, 0x00000007e7800000, 0x0000000800000000)
  eden space 253440K, 0% used [0x00000007d7000000,0x00000007d7000000,0x00000007e6780000)
  from space 7680K, 92% used [0x00000007e6f80000,0x00000007e7679740,0x00000007e7700000)
  to   space 8192K, 0% used [0x00000007e6780000,0x00000007e6780000,0x00000007e6f80000)
 ParOldGen       total 83968K, used 3601K [0x0000000785000000, 0x000000078a200000, 0x00000007d7000000)
  object space 83968K, 4% used [0x0000000785000000,0x00000007853846a0,0x000000078a200000)
 PSPermGen       total 21504K, used 16114K [0x000000077aa00000, 0x000000077bf00000, 0x0000000785000000)
  object space 21504K, 74% used [0x000000077aa00000,0x000000077b9bc8c8,0x000000077bf00000)
}
Event: 2.382 GC heap before
{Heap before GC invocations=7 (full 0):
 PSYoungGen      total 261120K, used 260581K [0x00000007d7000000, 0x00000007e7800000, 0x0000000800000000)
  eden space 253440K, 100% used [0x00000007d7000000,0x00000007e6780000,0x00000007e6780000)
  from space 7680K, 92% used [0x00000007e6f80000,0x00000007e7679740,0x00000007e7700000)
  to   space 8192K, 0% used [0x00000007e6780000,0x00000007e6780000,0x00000007e6f80000)
 ParOldGen       total 83968K, used 3601K [0x0000000785000000, 0x000000078a200000, 0x00000007d7000000)
  object space 83968K, 4% used [0x0000000785000000,0x00000007853846a0,0x000000078a200000)
 PSPermGen       total 21504K, used 16143K [0x000000077aa00000, 0x000000077bf00000, 0x0000000785000000)
  object space 21504K, 75% used [0x000000077aa00000,0x000000077b9c3cf0,0x000000077bf00000)

Deoptimization events (0 events):
No events

Internal exceptions (10 events):
Event: 1.849 Thread 0x00007f37d8009000 Threw 0x00000007da9713c0 at /build/java7-openjdk/src/icedtea-2.6.3/openjdk/hotspot/src/share/vm/prims/jvm.cpp:1322
Event: 1.849 Thread 0x00007f37d8009000 Threw 0x00000007da976f98 at /build/java7-openjdk/src/icedtea-2.6.3/openjdk/hotspot/src/share/vm/prims/jvm.cpp:1322
Event: 1.850 Thread 0x00007f37d8009000 Threw 0x00000007da97d268 at /build/java7-openjdk/src/icedtea-2.6.3/openjdk/hotspot/src/share/vm/prims/jvm.cpp:1322
Event: 1.850 Thread 0x00007f37d8009000 Threw 0x00000007da983108 at /build/java7-openjdk/src/icedtea-2.6.3/openjdk/hotspot/src/share/vm/prims/jvm.cpp:1322
Event: 1.852 Thread 0x00007f37d8009000 Threw 0x00000007da9a3ee8 at /build/java7-openjdk/src/icedtea-2.6.3/openjdk/hotspot/src/share/vm/prims/jvm.cpp:1322
Event: 1.852 Thread 0x00007f37d8009000 Threw 0x00000007db28c0e0 at /build/java7-openjdk/src/icedtea-2.6.3/openjdk/hotspot/src/share/vm/prims/jvm.cpp:1322
Event: 1.853 Thread 0x00007f37d8009000 Threw 0x00000007db292980 at /build/java7-openjdk/src/icedtea-2.6.3/openjdk/hotspot/src/share/vm/prims/jvm.cpp:1322
Event: 1.853 Thread 0x00007f37d8009000 Threw 0x00000007db297fa0 at /build/java7-openjdk/src/icedtea-2.6.3/openjdk/hotspot/src/share/vm/prims/jvm.cpp:1322
Event: 1.854 Thread 0x00007f37d8009000 Threw 0x00000007db29d918 at /build/java7-openjdk/src/icedtea-2.6.3/openjdk/hotspot/src/share/vm/prims/jvm.cpp:1322
Event: 1.854 Thread 0x00007f37d8009000 Threw 0x00000007db2a3f20 at /build/java7-openjdk/src/icedtea-2.6.3/openjdk/hotspot/src/share/vm/prims/jvm.cpp:1322

Events (10 events):
Event: 1.853 loading class 0x00007f37cc003540 done
Event: 1.853 loading class 0x00007f37cc003660
Event: 1.853 loading class 0x00007f37cc003660 done
Event: 1.853 loading class 0x00007f37cc0036a0
Event: 1.853 loading class 0x00007f37cc0036a0 done
Event: 1.854 loading class 0x00007f37cc003580
Event: 1.854 loading class 0x00007f37cc003580 done
Event: 1.888 Executing VM operation: ParallelGCFailedAllocation
Event: 1.921 Executing VM operation: ParallelGCFailedAllocation done
Event: 2.277 Executing VM operation: ParallelGCFailedAllocation


Dynamic libraries:
00400000-00401000 r-xp 00000000 08:02 143849                             /usr/lib/jvm/java-7-openjdk/jre/bin/java
00600000-00601000 rw-p 00000000 08:02 143849                             /usr/lib/jvm/java-7-openjdk/jre/bin/java
01c0e000-01c2f000 rw-p 00000000 00:00 0                                  [heap]
77aa00000-77bf00000 rw-p 00000000 00:00 0 
77bf00000-785000000 rw-p 00000000 00:00 0 
785000000-78a200000 rw-p 00000000 00:00 0 
78a200000-7d7000000 rw-p 00000000 00:00 0 
7d7000000-7e7800000 rw-p 00000000 00:00 0 
7f7000000-800000000 rw-p 00000000 00:00 0 
7f37c8000000-7f37c8021000 rw-p 00000000 00:00 0 
7f37c8021000-7f37cc000000 ---p 00000000 00:00 0 
7f37cc000000-7f37cc06e000 rw-p 00000000 00:00 0 
7f37cc06e000-7f37d0000000 ---p 00000000 00:00 0 
7f37d0000000-7f37d0021000 rw-p 00000000 00:00 0 
7f37d0021000-7f37d4000000 ---p 00000000 00:00 0 
7f37d4000000-7f37d4021000 rw-p 00000000 00:00 0 
7f37d4021000-7f37d8000000 ---p 00000000 00:00 0 
7f37d8000000-7f37d8021000 rw-p 00000000 00:00 0 
7f37d8021000-7f37dc000000 ---p 00000000 00:00 0 
7f37dc000000-7f37dc021000 rw-p 00000000 00:00 0 
7f37dc021000-7f37e0000000 ---p 00000000 00:00 0 
7f37e0000000-7f37e0052000 rw-p 00000000 00:00 0 
7f37e0052000-7f37e4000000 ---p 00000000 00:00 0 
7f37e4000000-7f37e403c000 rw-p 00000000 00:00 0 
7f37e403c000-7f37e8000000 ---p 00000000 00:00 0 
7f37e8000000-7f37e8021000 rw-p 00000000 00:00 0 
7f37e8021000-7f37ec000000 ---p 00000000 00:00 0 
7f37ec000000-7f37ec021000 rw-p 00000000 00:00 0 
7f37ec021000-7f37f0000000 ---p 00000000 00:00 0 
7f37f0000000-7f37f0021000 rw-p 00000000 00:00 0 
7f37f0021000-7f37f4000000 ---p 00000000 00:00 0 
7f37f4000000-7f37f42f6000 rw-p 00000000 00:00 0 
7f37f42f6000-7f37f8000000 ---p 00000000 00:00 0 
7f37f8000000-7f37f8021000 rw-p 00000000 00:00 0 
7f37f8021000-7f37fc000000 ---p 00000000 00:00 0 
7f37fc000000-7f37fc021000 rw-p 00000000 00:00 0 
7f37fc021000-7f3800000000 ---p 00000000 00:00 0 
7f3800000000-7f3800021000 rw-p 00000000 00:00 0 
7f3800021000-7f3804000000 ---p 00000000 00:00 0 
7f3804000000-7f3804021000 rw-p 00000000 00:00 0 
7f3804021000-7f3808000000 ---p 00000000 00:00 0 
7f3808000000-7f3808021000 rw-p 00000000 00:00 0 
7f3808021000-7f380c000000 ---p 00000000 00:00 0 
7f380fd50000-7f3814000000 rw-p 00000000 00:00 0 
7f3814000000-7f3814021000 rw-p 00000000 00:00 0 
7f3814021000-7f3818000000 ---p 00000000 00:00 0 
7f3818000000-7f3818021000 rw-p 00000000 00:00 0 
7f3818021000-7f381c000000 ---p 00000000 00:00 0 
7f381c000000-7f381c021000 rw-p 00000000 00:00 0 
7f381c021000-7f3820000000 ---p 00000000 00:00 0 
7f3821e58000-7f3821e5b000 ---p 00000000 00:00 0 
7f3821e5b000-7f3821f59000 rw-p 00000000 00:00 0                          [stack:27329]
7f3821f59000-7f3821f5c000 ---p 00000000 00:00 0 
7f3821f5c000-7f382205a000 rw-p 00000000 00:00 0                          [stack:27326]
7f382205a000-7f382205d000 ---p 00000000 00:00 0 
7f382205d000-7f382215b000 rw-p 00000000 00:00 0                          [stack:27325]
7f382215b000-7f382215e000 ---p 00000000 00:00 0 
7f382215e000-7f382225c000 rw-p 00000000 00:00 0                          [stack:27324]
7f382225c000-7f382225f000 ---p 00000000 00:00 0 
7f382225f000-7f382235d000 rw-p 00000000 00:00 0                          [stack:27319]
7f382235d000-7f3822360000 ---p 00000000 00:00 0 
7f3822360000-7f382245e000 rw-p 00000000 00:00 0                          [stack:27316]
7f382245e000-7f3822461000 ---p 00000000 00:00 0 
7f3822461000-7f382255f000 rw-p 00000000 00:00 0                          [stack:27315]
7f382255f000-7f3822562000 ---p 00000000 00:00 0 
7f3822562000-7f3822660000 rw-p 00000000 00:00 0                          [stack:27314]
7f3822660000-7f38226cf000 r-xp 00000000 08:02 1190761                    /usr/lib/libpcre.so.1.2.6
7f38226cf000-7f38228ce000 ---p 0006f000 08:02 1190761                    /usr/lib/libpcre.so.1.2.6
7f38228ce000-7f38228cf000 r--p 0006e000 08:02 1190761                    /usr/lib/libpcre.so.1.2.6
7f38228cf000-7f38228d0000 rw-p 0006f000 08:02 1190761                    /usr/lib/libpcre.so.1.2.6
7f38228d0000-7f38228d8000 r-xp 00000000 08:02 1190775                    /usr/lib/libffi.so.6.0.4
7f38228d8000-7f3822ad7000 ---p 00008000 08:02 1190775                    /usr/lib/libffi.so.6.0.4
7f3822ad7000-7f3822ad8000 r--p 00007000 08:02 1190775                    /usr/lib/libffi.so.6.0.4
7f3822ad8000-7f3822ad9000 rw-p 00008000 08:02 1190775                    /usr/lib/libffi.so.6.0.4
7f3822ad9000-7f3822aed000 r-xp 00000000 08:02 1182977                    /usr/lib/libresolv-2.22.so
7f3822aed000-7f3822cec000 ---p 00014000 08:02 1182977                    /usr/lib/libresolv-2.22.so
7f3822cec000-7f3822ced000 r--p 00013000 08:02 1182977                    /usr/lib/libresolv-2.22.so
7f3822ced000-7f3822cee000 rw-p 00014000 08:02 1182977                    /usr/lib/libresolv-2.22.so
7f3822cee000-7f3822cf0000 rw-p 00000000 00:00 0 
7f3822cf0000-7f3822cf3000 r-xp 00000000 08:02 1190876                    /usr/lib/libgmodule-2.0.so.0.4600.2
7f3822cf3000-7f3822ef2000 ---p 00003000 08:02 1190876                    /usr/lib/libgmodule-2.0.so.0.4600.2
7f3822ef2000-7f3822ef3000 r--p 00002000 08:02 1190876                    /usr/lib/libgmodule-2.0.so.0.4600.2
7f3822ef3000-7f3822ef4000 rw-p 00003000 08:02 1190876                    /usr/lib/libgmodule-2.0.so.0.4600.2
7f3822ef4000-7f3823000000 r-xp 00000000 08:02 1190875                    /usr/lib/libglib-2.0.so.0.4600.2
7f3823000000-7f38231ff000 ---p 0010c000 08:02 1190875                    /usr/lib/libglib-2.0.so.0.4600.2
7f38231ff000-7f3823200000 r--p 0010b000 08:02 1190875                    /usr/lib/libglib-2.0.so.0.4600.2
7f3823200000-7f3823201000 rw-p 0010c000 08:02 1190875                    /usr/lib/libglib-2.0.so.0.4600.2
7f3823201000-7f3823202000 rw-p 00000000 00:00 0 
7f3823202000-7f3823253000 r-xp 00000000 08:02 1190878                    /usr/lib/libgobject-2.0.so.0.4600.2
7f3823253000-7f3823452000 ---p 00051000 08:02 1190878                    /usr/lib/libgobject-2.0.so.0.4600.2
7f3823452000-7f3823453000 r--p 00050000 08:02 1190878                    /usr/lib/libgobject-2.0.so.0.4600.2
7f3823453000-7f3823454000 rw-p 00051000 08:02 1190878                    /usr/lib/libgobject-2.0.so.0.4600.2
7f3823454000-7f38235cc000 r-xp 00000000 08:02 1190879                    /usr/lib/libgio-2.0.so.0.4600.2
7f38235cc000-7f38237cb000 ---p 00178000 08:02 1190879                    /usr/lib/libgio-2.0.so.0.4600.2
7f38237cb000-7f38237cf000 r--p 00177000 08:02 1190879                    /usr/lib/libgio-2.0.so.0.4600.2
7f38237cf000-7f38237d1000 rw-p 0017b000 08:02 1190879                    /usr/lib/libgio-2.0.so.0.4600.2
7f38237d1000-7f38237d3000 rw-p 00000000 00:00 0 
7f38237d3000-7f38237ea000 r-xp 00000000 08:02 142359                     /usr/lib/jvm/java-7-openjdk/jre/lib/amd64/libnet.so
7f38237ea000-7f38239ea000 ---p 00017000 08:02 142359                     /usr/lib/jvm/java-7-openjdk/jre/lib/amd64/libnet.so
7f38239ea000-7f38239eb000 rw-p 00017000 08:02 142359                     /usr/lib/jvm/java-7-openjdk/jre/lib/amd64/libnet.so
7f38239eb000-7f38239fb000 r-xp 00000000 08:02 142360                     /usr/lib/jvm/java-7-openjdk/jre/lib/amd64/libnio.so
7f38239fb000-7f3823bfb000 ---p 00010000 08:02 142360                     /usr/lib/jvm/java-7-openjdk/jre/lib/amd64/libnio.so
7f3823bfb000-7f3823bfc000 rw-p 00010000 08:02 142360                     /usr/lib/jvm/java-7-openjdk/jre/lib/amd64/libnio.so
7f3823bfc000-7f3823bfd000 ---p 00000000 00:00 0 
7f3823bfd000-7f3823cfd000 rw-p 00000000 00:00 0                          [stack:27313]
7f3823cfd000-7f3823d00000 ---p 00000000 00:00 0 
7f3823d00000-7f3823dfe000 rw-p 00000000 00:00 0                          [stack:27312]
7f3823dfe000-7f3823e01000 ---p 00000000 00:00 0 
7f3823e01000-7f3823eff000 rw-p 00000000 00:00 0                          [stack:27311]
7f3823eff000-7f3823f02000 ---p 00000000 00:00 0 
7f3823f02000-7f3824000000 rw-p 00000000 00:00 0                          [stack:27310]
7f3824000000-7f3824021000 rw-p 00000000 00:00 0 
7f3824021000-7f3828000000 ---p 00000000 00:00 0 
7f3828098000-7f38280d9000 r--s 00368000 08:04 3670034                    /home/homer/.m2/repository/org/clojure/clojure/1.7.0/clojure-1.7.0.jar
7f38280d9000-7f38280dc000 ---p 00000000 00:00 0 
7f38280dc000-7f38281da000 rw-p 00000000 00:00 0                          [stack:27309]
7f38281da000-7f38281dd000 ---p 00000000 00:00 0 
7f38281dd000-7f38282db000 rw-p 00000000 00:00 0                          [stack:27308]
7f38282db000-7f3828469000 r--p 00000000 08:02 1231103                    /usr/lib/locale/locale-archive
7f3828469000-7f382846c000 ---p 00000000 00:00 0 
7f382846c000-7f382856a000 rw-p 00000000 00:00 0                          [stack:27307]
7f382856a000-7f382856d000 ---p 00000000 00:00 0 
7f382856d000-7f382866b000 rw-p 00000000 00:00 0                          [stack:27306]
7f382866b000-7f382866c000 ---p 00000000 00:00 0 
7f382866c000-7f3829720000 rw-p 00000000 00:00 0                          [stack:27305]
7f3829720000-7f38298d2000 r--s 01d2e000 08:02 141912                     /usr/lib/jvm/java-7-openjdk/jre/lib/rt.jar
7f38298d2000-7f3829cfd000 rw-p 00000000 00:00 0 
7f3829cfd000-7f3829cfe000 ---p 00000000 00:00 0 
7f3829cfe000-7f3829dfe000 rw-p 00000000 00:00 0                          [stack:27304]
7f3829dfe000-7f3829dff000 ---p 00000000 00:00 0 
7f3829dff000-7f3829eff000 rw-p 00000000 00:00 0                          [stack:27303]
7f3829eff000-7f3829f00000 ---p 00000000 00:00 0 
7f3829f00000-7f382a000000 rw-p 00000000 00:00 0                          [stack:27302]
7f382a000000-7f382a410000 rwxp 00000000 00:00 0 
7f382a410000-7f3831137000 rw-p 00000000 00:00 0 
7f3831137000-7f3834000000 ---p 00000000 00:00 0 
7f3834015000-7f3834016000 rw-p 00000000 00:00 0 
7f3834016000-7f383401b000 r--s 0004e000 08:02 141914                     /usr/lib/jvm/java-7-openjdk/jre/lib/jsse.jar
7f383401b000-7f383401c000 r--s 00000000 08:04 9047915                    /home/homer/.m2/repository/clojure-complete/clojure-complete/0.2.3/clojure-complete-0.2.3.jar
7f383401c000-7f38340ed000 rw-p 00000000 00:00 0 
7f38340ed000-7f38340ee000 ---p 00000000 00:00 0 
7f38340ee000-7f3834217000 rw-p 00000000 00:00 0                          [stack:27301]
7f3834217000-7f383447e000 rw-p 00000000 00:00 0 
7f383447e000-7f3834489000 rw-p 00000000 00:00 0 
7f3834489000-7f38344d1000 rw-p 00000000 00:00 0 
7f38344d1000-7f38344fa000 rw-p 00000000 00:00 0 
7f38344fa000-7f3834761000 rw-p 00000000 00:00 0 
7f3834761000-7f38347e5000 rw-p 00000000 00:00 0 
7f38347e5000-7f38348a9000 rw-p 00000000 00:00 0 
7f38348a9000-7f38348bb000 rw-p 00000000 00:00 0 
7f38348bb000-7f3834a2a000 rw-p 00000000 00:00 0 
7f3834a2a000-7f3834a32000 r-xp 00000000 08:02 142358                     /usr/lib/jvm/java-7-openjdk/jre/lib/amd64/libzip.so
7f3834a32000-7f3834c31000 ---p 00008000 08:02 142358                     /usr/lib/jvm/java-7-openjdk/jre/lib/amd64/libzip.so
7f3834c31000-7f3834c32000 rw-p 00007000 08:02 142358                     /usr/lib/jvm/java-7-openjdk/jre/lib/amd64/libzip.so
7f3834c32000-7f3834c3d000 r-xp 00000000 08:02 1182970                    /usr/lib/libnss_files-2.22.so
7f3834c3d000-7f3834e3c000 ---p 0000b000 08:02 1182970                    /usr/lib/libnss_files-2.22.so
7f3834e3c000-7f3834e3d000 r--p 0000a000 08:02 1182970                    /usr/lib/libnss_files-2.22.so
7f3834e3d000-7f3834e3e000 rw-p 0000b000 08:02 1182970                    /usr/lib/libnss_files-2.22.so
7f3834e3e000-7f3834e44000 rw-p 00000000 00:00 0 
7f3834e44000-7f3834e6f000 r-xp 00000000 08:02 142357                     /usr/lib/jvm/java-7-openjdk/jre/lib/amd64/libjava.so
7f3834e6f000-7f383506f000 ---p 0002b000 08:02 142357                     /usr/lib/jvm/java-7-openjdk/jre/lib/amd64/libjava.so
7f383506f000-7f3835071000 rw-p 0002b000 08:02 142357                     /usr/lib/jvm/java-7-openjdk/jre/lib/amd64/libjava.so
7f3835071000-7f383507e000 r-xp 00000000 08:02 142356                     /usr/lib/jvm/java-7-openjdk/jre/lib/amd64/libverify.so
7f383507e000-7f383527d000 ---p 0000d000 08:02 142356                     /usr/lib/jvm/java-7-openjdk/jre/lib/amd64/libverify.so
7f383527d000-7f383527f000 rw-p 0000c000 08:02 142356                     /usr/lib/jvm/java-7-openjdk/jre/lib/amd64/libverify.so
7f383527f000-7f3835286000 r-xp 00000000 08:02 1182978                    /usr/lib/librt-2.22.so
7f3835286000-7f3835485000 ---p 00007000 08:02 1182978                    /usr/lib/librt-2.22.so
7f3835485000-7f3835486000 r--p 00006000 08:02 1182978                    /usr/lib/librt-2.22.so
7f3835486000-7f3835487000 rw-p 00007000 08:02 1182978                    /usr/lib/librt-2.22.so
7f3835487000-7f383549d000 r-xp 00000000 08:02 1183172                    /usr/lib/libgcc_s.so.1
7f383549d000-7f383569c000 ---p 00016000 08:02 1183172                    /usr/lib/libgcc_s.so.1
7f383569c000-7f383569d000 rw-p 00015000 08:02 1183172                    /usr/lib/libgcc_s.so.1
7f383569d000-7f383579a000 r-xp 00000000 08:02 1182975                    /usr/lib/libm-2.22.so
7f383579a000-7f3835999000 ---p 000fd000 08:02 1182975                    /usr/lib/libm-2.22.so
7f3835999000-7f383599a000 r--p 000fc000 08:02 1182975                    /usr/lib/libm-2.22.so
7f383599a000-7f383599b000 rw-p 000fd000 08:02 1182975                    /usr/lib/libm-2.22.so
7f383599b000-7f3835b0d000 r-xp 00000000 08:02 1199010                    /usr/lib/libstdc++.so.6.0.21
7f3835b0d000-7f3835d0d000 ---p 00172000 08:02 1199010                    /usr/lib/libstdc++.so.6.0.21
7f3835d0d000-7f3835d17000 r--p 00172000 08:02 1199010                    /usr/lib/libstdc++.so.6.0.21
7f3835d17000-7f3835d19000 rw-p 0017c000 08:02 1199010                    /usr/lib/libstdc++.so.6.0.21
7f3835d19000-7f3835d1d000 rw-p 00000000 00:00 0 
7f3835d1d000-7f383686c000 r-xp 00000000 08:02 143848                     /usr/lib/jvm/java-7-openjdk/jre/lib/amd64/server/libjvm.so
7f383686c000-7f3836a6c000 ---p 00b4f000 08:02 143848                     /usr/lib/jvm/java-7-openjdk/jre/lib/amd64/server/libjvm.so
7f3836a6c000-7f3836b20000 rw-p 00b4f000 08:02 143848                     /usr/lib/jvm/java-7-openjdk/jre/lib/amd64/server/libjvm.so
7f3836b20000-7f3836b4b000 rw-p 00000000 00:00 0 
7f3836b4b000-7f3836b60000 r-xp 00000000 08:02 1185916                    /usr/lib/libz.so.1.2.8
7f3836b60000-7f3836d5f000 ---p 00015000 08:02 1185916                    /usr/lib/libz.so.1.2.8
7f3836d5f000-7f3836d60000 r--p 00014000 08:02 1185916                    /usr/lib/libz.so.1.2.8
7f3836d60000-7f3836d61000 rw-p 00015000 08:02 1185916                    /usr/lib/libz.so.1.2.8
7f3836d61000-7f3836efc000 r-xp 00000000 08:02 1182925                    /usr/lib/libc-2.22.so
7f3836efc000-7f38370fb000 ---p 0019b000 08:02 1182925                    /usr/lib/libc-2.22.so
7f38370fb000-7f38370ff000 r--p 0019a000 08:02 1182925                    /usr/lib/libc-2.22.so
7f38370ff000-7f3837101000 rw-p 0019e000 08:02 1182925                    /usr/lib/libc-2.22.so
7f3837101000-7f3837105000 rw-p 00000000 00:00 0 
7f3837105000-7f3837108000 r-xp 00000000 08:02 1182974                    /usr/lib/libdl-2.22.so
7f3837108000-7f3837307000 ---p 00003000 08:02 1182974                    /usr/lib/libdl-2.22.so
7f3837307000-7f3837308000 r--p 00002000 08:02 1182974                    /usr/lib/libdl-2.22.so
7f3837308000-7f3837309000 rw-p 00003000 08:02 1182974                    /usr/lib/libdl-2.22.so
7f3837309000-7f3837316000 r-xp 00000000 08:02 143844                     /usr/lib/jvm/java-7-openjdk/jre/lib/amd64/jli/libjli.so
7f3837316000-7f3837515000 ---p 0000d000 08:02 143844                     /usr/lib/jvm/java-7-openjdk/jre/lib/amd64/jli/libjli.so
7f3837515000-7f3837516000 rw-p 0000c000 08:02 143844                     /usr/lib/jvm/java-7-openjdk/jre/lib/amd64/jli/libjli.so
7f3837516000-7f383752e000 r-xp 00000000 08:02 1182881                    /usr/lib/libpthread-2.22.so
7f383752e000-7f383772d000 ---p 00018000 08:02 1182881                    /usr/lib/libpthread-2.22.so
7f383772d000-7f383772e000 r--p 00017000 08:02 1182881                    /usr/lib/libpthread-2.22.so
7f383772e000-7f383772f000 rw-p 00018000 08:02 1182881                    /usr/lib/libpthread-2.22.so
7f383772f000-7f3837733000 rw-p 00000000 00:00 0 
7f3837733000-7f3837755000 r-xp 00000000 08:02 1182924                    /usr/lib/ld-2.22.so
7f3837755000-7f3837756000 r--s 00009000 08:04 4195739                    /home/homer/.m2/repository/org/clojure/tools.nrepl/0.2.10/tools.nrepl-0.2.10.jar
7f3837756000-7f38377d2000 rw-p 00000000 00:00 0 
7f38377d2000-7f383781a000 rw-p 00000000 00:00 0 
7f383781a000-7f383781d000 ---p 00000000 00:00 0 
7f383781d000-7f3837949000 rw-p 00000000 00:00 0                          [stack:27300]
7f3837949000-7f3837951000 rw-s 00000000 00:21 11010241                   /tmp/hsperfdata_homer/27294
7f3837951000-7f3837952000 rw-p 00000000 00:00 0 
7f3837952000-7f3837953000 ---p 00000000 00:00 0 
7f3837953000-7f3837954000 rw-p 00000000 00:00 0 
7f3837954000-7f3837955000 r--p 00021000 08:02 1182924                    /usr/lib/ld-2.22.so
7f3837955000-7f3837956000 rw-p 00022000 08:02 1182924                    /usr/lib/ld-2.22.so
7f3837956000-7f3837957000 rw-p 00000000 00:00 0 
7ffce95e7000-7ffce9609000 rw-p 00000000 00:00 0                          [stack]
7ffce96ce000-7ffce96d0000 r--p 00000000 00:00 0                          [vvar]
7ffce96d0000-7ffce96d2000 r-xp 00000000 00:00 0                          [vdso]
ffffffffff600000-ffffffffff601000 r-xp 00000000 00:00 0                  [vsyscall]

VM Arguments:
jvm_args: -Dfile.encoding=UTF-8 -XX:+TieredCompilation -XX:TieredStopAtLevel=1 -XX:-OmitStackTraceInFastThrow -Dclojure.compile.path=/home/homer/code/clojure/markov-elear/target/classes -Dmarkov-elear.version=0.1.0-SNAPSHOT -Dclojure.debug=false 
java_command: clojure.main -i /tmp/form-init5597137100641842326.clj
Launcher Type: SUN_STANDARD

Environment Variables:
CLASSPATH=/home/homer/.lein/self-installs/leiningen-2.5.2-standalone.jar
PATH=/home/homer/.rbenv/shims:/home/homer:/bin:/home/homer/.rbenv/bin:/home/homer/.rbenv/shims:/home/homer/.rbenv/bin:/usr/local/bin:/usr/local/sbin:/usr/bin:/usr/lib/jvm/default/bin:/usr/bin/site_perl:/usr/bin/vendor_perl:/usr/bin/core_perl
USERNAME=homer
SHELL=/bin/zsh
DISPLAY=:0

Signal Handlers:
SIGSEGV: [libjvm.so+0x994af0], sa_mask[0]=0x7ffbfeff, sa_flags=0x10000004
SIGBUS: [libjvm.so+0x994af0], sa_mask[0]=0x7ffbfeff, sa_flags=0x10000004
SIGFPE: [libjvm.so+0x7fbf60], sa_mask[0]=0x7ffbfeff, sa_flags=0x10000004
SIGPIPE: [libjvm.so+0x7fbf60], sa_mask[0]=0x7ffbfeff, sa_flags=0x10000004
SIGXFSZ: [libjvm.so+0x7fbf60], sa_mask[0]=0x7ffbfeff, sa_flags=0x10000004
SIGILL: [libjvm.so+0x7fbf60], sa_mask[0]=0x7ffbfeff, sa_flags=0x10000004
SIGUSR1: SIG_DFL, sa_mask[0]=0x00000000, sa_flags=0x00000000
SIGUSR2: [libjvm.so+0x7fbde0], sa_mask[0]=0x00000004, sa_flags=0x10000004
SIGHUP: [libjvm.so+0x7fbf70], sa_mask[0]=0x7ffbfeff, sa_flags=0x10000004
SIGINT: [libjvm.so+0x7fbf70], sa_mask[0]=0x7ffbfeff, sa_flags=0x10000004
SIGTERM: [libjvm.so+0x7fbf70], sa_mask[0]=0x7ffbfeff, sa_flags=0x10000004
SIGQUIT: [libjvm.so+0x7fbf70], sa_mask[0]=0x7ffbfeff, sa_flags=0x10000004
SIGTRAP: SIG_DFL, sa_mask[0]=0x00000000, sa_flags=0x00000000


---------------  S Y S T E M  ---------------

OS:Linux
uname:Linux 4.3.3-2-ARCH #1 SMP PREEMPT Wed Dec 23 20:09:18 CET 2015 x86_64
libc:glibc 2.22 NPTL 2.22 
rlimit: STACK 8192k, CORE 0k, NPROC 31053, NOFILE 4096, AS infinity
load average:3.89 1.01 0.55

/proc/meminfo:
MemTotal:        8056888 kB
MemFree:           59032 kB
MemAvailable:     131892 kB
Buffers:             548 kB
Cached:          1049104 kB
SwapCached:            0 kB
Active:          6861984 kB
Inactive:         803184 kB
Active(anon):    6834696 kB
Inactive(anon):   772448 kB
Active(file):      27288 kB
Inactive(file):    30736 kB
Unevictable:           0 kB
Mlocked:               0 kB
SwapTotal:             0 kB
SwapFree:              0 kB
Dirty:                64 kB
Writeback:             0 kB
AnonPages:       6616476 kB
Mapped:           625628 kB
Shmem:            990668 kB
Slab:             117928 kB
SReclaimable:      57100 kB
SUnreclaim:        60828 kB
KernelStack:       19936 kB
PageTables:        82192 kB
NFS_Unstable:          0 kB
Bounce:                0 kB
WritebackTmp:          0 kB
CommitLimit:     4028444 kB
Committed_AS:   18725092 kB
VmallocTotal:   34359738367 kB
VmallocUsed:      410088 kB
VmallocChunk:   34358947836 kB
HardwareCorrupted:     0 kB
AnonHugePages:   1120256 kB
HugePages_Total:       0
HugePages_Free:        0
HugePages_Rsvd:        0
HugePages_Surp:        0
Hugepagesize:       2048 kB
DirectMap4k:      435912 kB
DirectMap2M:     6780928 kB
DirectMap1G:     1048576 kB


CPU:total 4 (2 cores per cpu, 2 threads per core) family 6 model 61 stepping 4, cmov, cx8, fxsr, mmx, sse, sse2, sse3, ssse3, sse4.1, sse4.2, popcnt, avx, avx2, aes, erms, ht, tsc, tscinvbit

/proc/cpuinfo:
processor	: 0
vendor_id	: GenuineIntel
cpu family	: 6
model		: 61
model name	: Intel(R) Core(TM) i7-5600U CPU @ 2.60GHz
stepping	: 4
microcode	: 0x12
cpu MHz		: 2662.765
cache size	: 4096 KB
physical id	: 0
siblings	: 4
core id		: 0
cpu cores	: 2
apicid		: 0
initial apicid	: 0
fpu		: yes
fpu_exception	: yes
cpuid level	: 20
wp		: yes
flags		: fpu vme de pse tsc msr pae mce cx8 apic sep mtrr pge mca cmov pat pse36 clflush dts acpi mmx fxsr sse sse2 ss ht tm pbe syscall nx pdpe1gb rdtscp lm constant_tsc arch_perfmon pebs bts rep_good nopl xtopology nonstop_tsc aperfmperf eagerfpu pni pclmulqdq dtes64 monitor ds_cpl vmx smx est tm2 ssse3 sdbg fma cx16 xtpr pdcm pcid sse4_1 sse4_2 x2apic movbe popcnt tsc_deadline_timer aes xsave avx f16c rdrand lahf_lm abm 3dnowprefetch ida arat epb pln pts dtherm intel_pt tpr_shadow vnmi flexpriority ept vpid fsgsbase tsc_adjust bmi1 hle avx2 smep bmi2 erms invpcid rtm rdseed adx smap xsaveopt
bugs		:
bogomips	: 5189.72
clflush size	: 64
cache_alignment	: 64
address sizes	: 39 bits physical, 48 bits virtual
power management:

processor	: 1
vendor_id	: GenuineIntel
cpu family	: 6
model		: 61
model name	: Intel(R) Core(TM) i7-5600U CPU @ 2.60GHz
stepping	: 4
microcode	: 0x12
cpu MHz		: 2647.632
cache size	: 4096 KB
physical id	: 0
siblings	: 4
core id		: 0
cpu cores	: 2
apicid		: 1
initial apicid	: 1
fpu		: yes
fpu_exception	: yes
cpuid level	: 20
wp		: yes
flags		: fpu vme de pse tsc msr pae mce cx8 apic sep mtrr pge mca cmov pat pse36 clflush dts acpi mmx fxsr sse sse2 ss ht tm pbe syscall nx pdpe1gb rdtscp lm constant_tsc arch_perfmon pebs bts rep_good nopl xtopology nonstop_tsc aperfmperf eagerfpu pni pclmulqdq dtes64 monitor ds_cpl vmx smx est tm2 ssse3 sdbg fma cx16 xtpr pdcm pcid sse4_1 sse4_2 x2apic movbe popcnt tsc_deadline_timer aes xsave avx f16c rdrand lahf_lm abm 3dnowprefetch ida arat epb pln pts dtherm intel_pt tpr_shadow vnmi flexpriority ept vpid fsgsbase tsc_adjust bmi1 hle avx2 smep bmi2 erms invpcid rtm rdseed adx smap xsaveopt
bugs		:
bogomips	: 5189.72
clflush size	: 64
cache_alignment	: 64
address sizes	: 39 bits physical, 48 bits virtual
power management:

processor	: 2
vendor_id	: GenuineIntel
cpu family	: 6
model		: 61
model name	: Intel(R) Core(TM) i7-5600U CPU @ 2.60GHz
stepping	: 4
microcode	: 0x12
cpu MHz		: 2571.562
cache size	: 4096 KB
physical id	: 0
siblings	: 4
core id		: 1
cpu cores	: 2
apicid		: 2
initial apicid	: 2
fpu		: yes
fpu_exception	: yes
cpuid level	: 20
wp		: yes
flags		: fpu vme de pse tsc msr pae mce cx8 apic sep mtrr pge mca cmov pat pse36 clflush dts acpi mmx fxsr sse sse2 ss ht tm pbe syscall nx pdpe1gb rdtscp lm constant_tsc arch_perfmon pebs bts rep_good nopl xtopology nonstop_tsc aperfmperf eagerfpu pni pclmulqdq dtes64 monitor ds_cpl vmx smx est tm2 ssse3 sdbg fma cx16 xtpr pdcm pcid sse4_1 sse4_2 x2apic movbe popcnt tsc_deadline_timer aes xsave avx f16c rdrand lahf_lm abm 3dnowprefetch ida arat epb pln pts dtherm intel_pt tpr_shadow vnmi flexpriority ept vpid fsgsbase tsc_adjust bmi1 hle avx2 smep bmi2 erms invpcid rtm rdseed adx smap xsaveopt
bugs		:
bogomips	: 5189.72
clflush size	: 64
cache_alignment	: 64
address sizes	: 39 bits physical, 48 bits virtual
power management:

processor	: 3
vendor_id	: GenuineIntel
cpu family	: 6
model		: 61
model name	: Intel(R) Core(TM) i7-5600U CPU @ 2.60GHz
stepping	: 4
microcode	: 0x12
cpu MHz		: 2408.148
cache size	: 4096 KB
physical id	: 0
siblings	: 4
core id		: 1
cpu cores	: 2
apicid		: 3
initial apicid	: 3
fpu		: yes
fpu_exception	: yes
cpuid level	: 20
wp		: yes
flags		: fpu vme de pse tsc msr pae mce cx8 apic sep mtrr pge mca cmov pat pse36 clflush dts acpi mmx fxsr sse sse2 ss ht tm pbe syscall nx pdpe1gb rdtscp lm constant_tsc arch_perfmon pebs bts rep_good nopl xtopology nonstop_tsc aperfmperf eagerfpu pni pclmulqdq dtes64 monitor ds_cpl vmx smx est tm2 ssse3 sdbg fma cx16 xtpr pdcm pcid sse4_1 sse4_2 x2apic movbe popcnt tsc_deadline_timer aes xsave avx f16c rdrand lahf_lm abm 3dnowprefetch ida arat epb pln pts dtherm intel_pt tpr_shadow vnmi flexpriority ept vpid fsgsbase tsc_adjust bmi1 hle avx2 smep bmi2 erms invpcid rtm rdseed adx smap xsaveopt
bugs		:
bogomips	: 5189.72
clflush size	: 64
cache_alignment	: 64
address sizes	: 39 bits physical, 48 bits virtual
power management:



Memory: 4k page, physical 8056888k(51852k free), swap 0k(0k free)

vm_info: OpenJDK 64-Bit Server VM (24.91-b01) for linux-amd64 JRE (1.7.0_91-b02), built on Dec  6 2015 23:11:36 by "builduser" with gcc 5.3.0

time: Fri Jan 15 13:44:39 2016
elapsed time: 4 seconds

